<?xml version="1.0" encoding="UTF-8"?>
<testng-results skipped="0" failed="0" ignored="0" total="2" passed="2">
  <reporter-output>
  </reporter-output>
  <suite name="Default suite" duration-ms="23632" started-at="2019-12-01T00:03:59 EET" finished-at="2019-12-01T00:04:22 EET">
    <groups>
    </groups>
    <test name="Default test" duration-ms="23632" started-at="2019-12-01T00:03:59 EET" finished-at="2019-12-01T00:04:22 EET">
      <class name="Search.Search">
        <test-method status="PASS" signature="BeforeLogin()[pri:0, instance:Search.Search@5bc79255]" name="BeforeLogin" is-config="true" duration-ms="14659" started-at="2019-12-01T00:03:59 EET" finished-at="2019-12-01T00:04:13 EET">
          <reporter-output>
          </reporter-output>
        </test-method> <!-- BeforeLogin -->
        <test-method status="PASS" signature="CreatAccount()[pri:1, instance:Search.Search@5bc79255]" name="CreatAccount" duration-ms="6421" started-at="2019-12-01T00:04:14 EET" finished-at="2019-12-01T00:04:20 EET">
          <reporter-output>
          </reporter-output>
        </test-method> <!-- CreatAccount -->
        <test-method status="PASS" signature="Srh()[pri:2, instance:Search.Search@5bc79255]" name="Srh" duration-ms="2392" started-at="2019-12-01T00:04:20 EET" finished-at="2019-12-01T00:04:22 EET">
          <reporter-output>
          </reporter-output>
        </test-method> <!-- Srh -->
      </class> <!-- SearchPage.SearchPage -->
    </test> <!-- Default test -->
  </suite> <!-- Default suite -->
</testng-results>
